<?xml version="1.0" ?><testsuite name="com.example.LoadTest" time="0.111" timestamp="2024-10-10T01:00:44" tests="1" failures="0" skipped="0" aborted="0"><properties><property name="ant.library.dir" value="C:\Users\Bayro\Downloads\ant14\apache-ant-1.10.14-bin\apache-ant-1.10.14\lib"></property><property name="ant.file.type" value="file"></property><property name="java.specification.version" value="22"></property><property name="ant.project.name" value="AntJava18Test"></property><property name="sun.cpu.isalist" value="amd64"></property><property name="sun.jnu.encoding" value="Cp1252"></property><property name="java.class.path" value="C:\Users\Bayro\Downloads\ant14\apache-ant-1.10.14-bin\apache-ant-1.10.14\lib\ant-launcher.jar;C:\Users\Bayro\Downloads\ant14\apache-ant-1.10.14-bin\apache-ant-1.10.14\lib\ant-antlr.jar;C:\Users\Bayro\Downloads\ant14\apache-ant-1.10.14-bin\apache-ant-1.10.14\lib\ant-apache-bcel.jar;C:\Users\Bayro\Downloads\ant14\apache-ant-1.10.14-bin\apache-ant-1.10.14\lib\ant-apache-bsf.jar;C:\Users\Bayro\Downloads\ant14\apache-ant-1.10.14-bin\apache-ant-1.10.14\lib\ant-apache-log4j.jar;C:\Users\Bayro\Downloads\ant14\apache-ant-1.10.14-bin\apache-ant-1.10.14\lib\ant-apache-oro.jar;C:\Users\Bayro\Downloads\ant14\apache-ant-1.10.14-bin\apache-ant-1.10.14\lib\ant-apache-regexp.jar;C:\Users\Bayro\Downloads\ant14\apache-ant-1.10.14-bin\apache-ant-1.10.14\lib\ant-apache-resolver.jar;C:\Users\Bayro\Downloads\ant14\apache-ant-1.10.14-bin\apache-ant-1.10.14\lib\ant-apache-xalan2.jar;C:\Users\Bayro\Downloads\ant14\apache-ant-1.10.14-bin\apache-ant-1.10.14\lib\ant-commons-logging.jar;C:\Users\Bayro\Downloads\ant14\apache-ant-1.10.14-bin\apache-ant-1.10.14\lib\ant-commons-net.jar;C:\Users\Bayro\Downloads\ant14\apache-ant-1.10.14-bin\apache-ant-1.10.14\lib\ant-imageio.jar;C:\Users\Bayro\Downloads\ant14\apache-ant-1.10.14-bin\apache-ant-1.10.14\lib\ant-jai.jar;C:\Users\Bayro\Downloads\ant14\apache-ant-1.10.14-bin\apache-ant-1.10.14\lib\ant-jakartamail.jar;C:\Users\Bayro\Downloads\ant14\apache-ant-1.10.14-bin\apache-ant-1.10.14\lib\ant-javamail.jar;C:\Users\Bayro\Downloads\ant14\apache-ant-1.10.14-bin\apache-ant-1.10.14\lib\ant-jdepend.jar;C:\Users\Bayro\Downloads\ant14\apache-ant-1.10.14-bin\apache-ant-1.10.14\lib\ant-jmf.jar;C:\Users\Bayro\Downloads\ant14\apache-ant-1.10.14-bin\apache-ant-1.10.14\lib\ant-jsch.jar;C:\Users\Bayro\Downloads\ant14\apache-ant-1.10.14-bin\apache-ant-1.10.14\lib\ant-junit.jar;C:\Users\Bayro\Downloads\ant14\apache-ant-1.10.14-bin\apache-ant-1.10.14\lib\ant-junit4.jar;C:\Users\Bayro\Downloads\ant14\apache-ant-1.10.14-bin\apache-ant-1.10.14\lib\ant-junitlauncher.jar;C:\Users\Bayro\Downloads\ant14\apache-ant-1.10.14-bin\apache-ant-1.10.14\lib\ant-launcher.jar;C:\Users\Bayro\Downloads\ant14\apache-ant-1.10.14-bin\apache-ant-1.10.14\lib\ant-netrexx.jar;C:\Users\Bayro\Downloads\ant14\apache-ant-1.10.14-bin\apache-ant-1.10.14\lib\ant-swing.jar;C:\Users\Bayro\Downloads\ant14\apache-ant-1.10.14-bin\apache-ant-1.10.14\lib\ant-testutil.jar;C:\Users\Bayro\Downloads\ant14\apache-ant-1.10.14-bin\apache-ant-1.10.14\lib\ant-xz.jar;C:\Users\Bayro\Downloads\ant14\apache-ant-1.10.14-bin\apache-ant-1.10.14\lib\ant.jar"></property><property name="java.vm.vendor" value="Oracle Corporation"></property><property name="sun.arch.data.model" value="64"></property><property name="user.variant" value=""></property><property name="java.vendor.url" value="https://java.oracle.com/"></property><property name="os.name" value="Windows 11"></property><property name="java.vm.specification.version" value="22"></property><property name="user.country" value="CR"></property><property name="sun.java.launcher" value="SUN_STANDARD"></property><property name="sun.boot.library.path" value="C:\Program Files\Java\jdk-22\bin"></property><property name="sun.java.command" value="org.apache.tools.ant.launch.Launcher run-all-tests"></property><property name="jdk.debug" value="release"></property><property name="sun.cpu.endian" value="little"></property><property name="user.home" value="C:\Users\Bayro"></property><property name="user.language" value="es"></property><property name="java.specification.vendor" value="Oracle Corporation"></property><property name="java.version.date" value="2024-07-16"></property><property name="java.home" value="C:\Program Files\Java\jdk-22"></property><property name="file.separator" value="\"></property><property name="basedir" value="C:\Users\Bayro\Downloads\hola"></property><property name="java.vm.compressedOopsMode" value="Zero based"></property><property name="line.separator" value="
"></property><property name="ant.java.version" value="22"></property><property name="java.specification.name" value="Java Platform API Specification"></property><property name="java.vm.specification.vendor" value="Oracle Corporation"></property><property name="ant.junit.output.dir" value="C:/Users/Bayro/Downloads/hola/output"></property><property name="user.script" value=""></property><property name="sun.management.compiler" value="HotSpot 64-Bit Tiered Compilers"></property><property name="java.runtime.version" value="22.0.2+9-70"></property><property name="user.name" value="Bayro"></property><property name="ant.file.AntJava18Test" value="C:\Users\Bayro\Downloads\hola\build.xml"></property><property name="ant.file" value="C:\Users\Bayro\Downloads\hola\build.xml"></property><property name="stdout.encoding" value="cp850"></property><property name="path.separator" value=";"></property><property name="os.version" value="10.0"></property><property name="java.runtime.name" value="Java(TM) SE Runtime Environment"></property><property name="file.encoding" value="UTF-8"></property><property name="ant.project.invoked-targets" value="run-all-tests"></property><property name="java.vm.name" value="Java HotSpot(TM) 64-Bit Server VM"></property><property name="ant.file.type.AntJava18Test" value="file"></property><property name="test.reports.dir" value="C:\Users\Bayro\Downloads\hola/test-reports"></property><property name="build.dir" value="build"></property><property name="ant.core.lib" value="C:\Users\Bayro\Downloads\ant14\apache-ant-1.10.14-bin\apache-ant-1.10.14\lib\ant.jar"></property><property name="java.vendor.url.bug" value="https://bugreport.java.com/bugreport/"></property><property name="java.io.tmpdir" value="C:\Users\Bayro\AppData\Local\Temp\"></property><property name="java.version" value="22.0.2"></property><property name="user.dir" value="C:\Users\Bayro\Downloads\hola"></property><property name="os.arch" value="amd64"></property><property name="java.vm.specification.name" value="Java Virtual Machine Specification"></property><property name="ant.home" value="C:\Users\Bayro\Downloads\ant14\apache-ant-1.10.14-bin\apache-ant-1.10.14"></property><property name="sun.os.patch.level" value=""></property><property name="junit.output.dir" value="C:\Users\Bayro\Downloads\hola/test-reports/junit"></property><property name="native.encoding" value="Cp1252"></property><property name="ant.version" value="Apache Ant(TM) version 1.10.14 compiled on August 16 2023"></property><property name="java.library.path" value="C:\Program Files\Java\jdk-22\bin;C:\WINDOWS\Sun\Java\bin;C:\WINDOWS\system32;C:\WINDOWS;C:\Program Files\Common Files\Oracle\Java\javapath;C:\WINDOWS\system32;C:\WINDOWS;C:\WINDOWS\System32\Wbem;C:\WINDOWS\System32\WindowsPowerShell\v1.0\;C:\WINDOWS\System32\OpenSSH\;C:\Program Files\nodejs\;C:\Users\Bayro\AppData\Roaming\npm;C:\Program Files (x86)\SMLNJ\bin\;C:\Users\Bayro\Downloads\ant14\apache-ant-1.10.14-bin\apache-ant-1.10.14\bin;D:\haskel\bin;C:\Users\Bayro\AppData\Local\Microsoft\WindowsApps;C:\Users\Bayro\AppData\Roaming\npm;C:\Users\Bayro\AppData\Local\Programs\Microsoft VS Code\bin;C:\ghcup\bin;C:\Users\Bayro\AppData\Local\GitHubDesktop\bin;."></property><property name="java.vendor" value="Oracle Corporation"></property><property name="stderr.encoding" value="cp850"></property><property name="java.vm.info" value="mixed mode, sharing"></property><property name="java.vm.version" value="22.0.2+9-70"></property><property name="sun.io.unicode.encoding" value="UnicodeLittle"></property><property name="java.class.version" value="66.0"></property><property name="src.dir" value="src"></property><property name="ant.project.default-target" value="run-all-tests"></property></properties><testcase classname="com.example.LoadTest" name="testUnderLoad()" time="0.109"></testcase></testsuite>